{
  "stats": {
    "suites": 1,
    "tests": 1,
    "passes": 1,
    "pending": 0,
    "failures": 0,
    "start": "2023-05-16T06:24:01.876Z",
    "end": "2023-05-16T06:25:19.742Z",
    "duration": 77866,
    "testsRegistered": 1,
    "passPercent": 100,
    "pendingPercent": 0,
    "other": 0,
    "hasOther": false,
    "skipped": 0,
    "hasSkipped": false
  },
  "results": [
    {
      "uuid": "b618e23f-87e9-44d4-a43a-e8744cb171ce",
      "title": "",
      "fullFile": "cypress\\e2e\\Traceflow\\Manage\\SpacesScreen.cy.ts",
      "file": "cypress\\e2e\\Traceflow\\Manage\\SpacesScreen.cy.ts",
      "beforeHooks": [],
      "afterHooks": [],
      "tests": [],
      "suites": [
        {
          "uuid": "352129b2-1648-4eb6-b6ea-f8701c266f53",
          "title": "Verify Manage Sub-Modules",
          "fullFile": "",
          "file": "",
          "beforeHooks": [],
          "afterHooks": [],
          "tests": [
            {
              "title": "should naviagte to Space_Module",
              "fullTitle": "Verify Manage Sub-Modules should naviagte to Space_Module",
              "timedOut": null,
              "duration": 77018,
              "state": "passed",
              "speed": "slow",
              "pass": true,
              "fail": false,
              "pending": false,
              "context": "{\n  \"title\": \"cypress-mochawesome-reporter-videos\",\n  \"value\": \"cypress\\\\e2e\\\\Traceflow\\\\Manage\\\\SpacesScreen.cy.ts\"\n}",
              "code": "cy.fixture('Logincredentials').then(function (data) {\n    cy.login(data.email, data.password);\n});\ncy.wait(18000);\nvar spaceDriver = new SpacesPage_1.default();\nspaceDriver.Menu();\nspaceDriver.spacePageUI();\nspaceDriver.createSpace();\nspaceDriver.existingSpaces();\nspaceDriver.editSpace();\nspaceDriver.deleteSpace();",
              "err": {},
              "uuid": "dee24580-ae31-4ef9-a36e-35fa5aa48a72",
              "parentUUID": "352129b2-1648-4eb6-b6ea-f8701c266f53",
              "isHook": false,
              "skipped": false
            }
          ],
          "suites": [],
          "passes": [
            "dee24580-ae31-4ef9-a36e-35fa5aa48a72"
          ],
          "failures": [],
          "pending": [],
          "skipped": [],
          "duration": 77018,
          "root": false,
          "rootEmpty": false,
          "_timeout": 2000
        }
      ],
      "passes": [],
      "failures": [],
      "pending": [],
      "skipped": [],
      "duration": 0,
      "root": true,
      "rootEmpty": true,
      "_timeout": 2000
    }
  ],
  "meta": {
    "mocha": {
      "version": "7.0.1"
    },
    "mochawesome": {
      "options": {
        "quiet": false,
        "reportFilename": "mochawesome",
        "saveHtml": true,
        "saveJson": true,
        "consoleReporter": "spec",
        "useInlineDiffs": false,
        "code": true
      },
      "version": "7.1.3"
    },
    "marge": {
      "options": null,
      "version": "6.2.0"
    }
  }
}